# JRE version: Java(TM) SE Runtime Environment (20.0+36) (build 20+36-2344)
# Java VM: Java HotSpot(TM) 64-Bit Server VM (20+36-2344, mixed mode, sharing, tiered, compressed oops, compressed class ptrs, g1 gc, windows-amd64)
GC Precious Log:
 CardTable entry size: 512
 Card Set container configuration: InlinePtr #cards 5 size 8 Array Of Cards #cards 12 size 40 Howl #buckets 4 coarsen threshold 1843 Howl Bitmap #cards 512 size 80 coarsen threshold 460 Card regions per heap region 1 cards per card region 2048
 CPUs: 8 total, 8 available
 Memory: 8023M
 Large Page Support: Disabled
 NUMA Support: Disabled
 Compressed Oops: Enabled (32-bit)
 Heap Region Size: 1M
 Heap Min Capacity: 8M
 Heap Initial Capacity: 126M
 Heap Max Capacity: 2006M
 Pre-touch: Disabled
 Parallel Workers: 8
 Concurrent Workers: 2
 Concurrent Refinement Workers: 8
 Periodic GC: Disabled
Heap:
 garbage-first heap   total 81920K, used 47260K [0x0000000082a00000, 0x0000000100000000)
  region size 1024K, 17 young (17408K), 4 survivors (4096K)
 Metaspace       used 73465K, committed 74176K, reserved 1114112K
  class space    used 9860K, committed 10176K, reserved 1048576K
GC Heap History (20 events):
Event: 1.660 GC heap before
{Heap before GC invocations=1 (full 0):
 garbage-first heap   total 129024K, used 34777K [0x0000000082a00000, 0x0000000100000000)
  region size 1024K, 29 young (29696K), 3 survivors (3072K)
 Metaspace       used 12617K, committed 12864K, reserved 1114112K
  class space    used 1461K, committed 1600K, reserved 1048576K
}
Event: 1.670 GC heap after
{Heap after GC invocations=2 (full 0):
 garbage-first heap   total 129024K, used 12369K [0x0000000082a00000, 0x0000000100000000)
  region size 1024K, 3 young (3072K), 3 survivors (3072K)
 Metaspace       used 12617K, committed 12864K, reserved 1114112K
  class space    used 1461K, committed 1600K, reserved 1048576K
}
Event: 2.935 GC heap before
{Heap before GC invocations=2 (full 0):
 garbage-first heap   total 129024K, used 61521K [0x0000000082a00000, 0x0000000100000000)
  region size 1024K, 53 young (54272K), 3 survivors (3072K)
 Metaspace       used 21217K, committed 21504K, reserved 1114112K
  class space    used 2503K, committed 2624K, reserved 1048576K
}
Event: 2.942 GC heap after
{Heap after GC invocations=3 (full 0):
 garbage-first heap   total 129024K, used 16547K [0x0000000082a00000, 0x0000000100000000)
  region size 1024K, 7 young (7168K), 7 survivors (7168K)
 Metaspace       used 21217K, committed 21504K, reserved 1114112K
  class space    used 2503K, committed 2624K, reserved 1048576K
}
Event: 4.012 GC heap before
{Heap before GC invocations=4 (full 0):
 garbage-first heap   total 61440K, used 60579K [0x0000000082a00000, 0x0000000100000000)
  region size 1024K, 50 young (51200K), 7 survivors (7168K)
 Metaspace       used 28935K, committed 29440K, reserved 1114112K
  class space    used 3713K, committed 3968K, reserved 1048576K
}
Event: 4.027 GC heap after
{Heap after GC invocations=5 (full 0):
 garbage-first heap   total 72704K, used 20281K [0x0000000082a00000, 0x0000000100000000)
  region size 1024K, 8 young (8192K), 8 survivors (8192K)
 Metaspace       used 28935K, committed 29440K, reserved 1114112K
  class space    used 3713K, committed 3968K, reserved 1048576K
}
Event: 4.636 GC heap before
{Heap before GC invocations=5 (full 0):
 garbage-first heap   total 72704K, used 49977K [0x0000000082a00000, 0x0000000100000000)
  region size 1024K, 37 young (37888K), 8 survivors (8192K)
 Metaspace       used 35378K, committed 35968K, reserved 1114112K
  class space    used 4573K, committed 4864K, reserved 1048576K
}
Event: 4.647 GC heap after
{Heap after GC invocations=6 (full 0):
 garbage-first heap   total 72704K, used 22395K [0x0000000082a00000, 0x0000000100000000)
  region size 1024K, 3 young (3072K), 3 survivors (3072K)
 Metaspace       used 35378K, committed 35968K, reserved 1114112K
  class space    used 4573K, committed 4864K, reserved 1048576K
}
Event: 4.679 GC heap before
{Heap before GC invocations=6 (full 0):
 garbage-first heap   total 72704K, used 23419K [0x0000000082a00000, 0x0000000100000000)
  region size 1024K, 5 young (5120K), 3 survivors (3072K)
 Metaspace       used 35784K, committed 36288K, reserved 1114112K
  class space    used 4634K, committed 4864K, reserved 1048576K
}
Event: 4.681 GC heap after
{Heap after GC invocations=7 (full 0):
 garbage-first heap   total 88064K, used 22117K [0x0000000082a00000, 0x0000000100000000)
  region size 1024K, 3 young (3072K), 3 survivors (3072K)
 Metaspace       used 35784K, committed 36288K, reserved 1114112K
  class space    used 4634K, committed 4864K, reserved 1048576K
}
Event: 5.840 GC heap before
{Heap before GC invocations=8 (full 0):
 garbage-first heap   total 81920K, used 67173K [0x0000000082a00000, 0x0000000100000000)
  region size 1024K, 48 young (49152K), 3 survivors (3072K)
 Metaspace       used 49122K, committed 49664K, reserved 1114112K
  class space    used 6563K, committed 6848K, reserved 1048576K
}
Event: 5.845 GC heap after
{Heap after GC invocations=9 (full 0):
 garbage-first heap   total 81920K, used 24833K [0x0000000082a00000, 0x0000000100000000)
  region size 1024K, 5 young (5120K), 5 survivors (5120K)
 Metaspace       used 49122K, committed 49664K, reserved 1114112K
  class space    used 6563K, committed 6848K, reserved 1048576K
}
Event: 6.879 GC heap before
{Heap before GC invocations=9 (full 0):
 garbage-first heap   total 81920K, used 67841K [0x0000000082a00000, 0x0000000100000000)
  region size 1024K, 48 young (49152K), 5 survivors (5120K)
 Metaspace       used 59482K, committed 60224K, reserved 1114112K
  class space    used 8050K, committed 8384K, reserved 1048576K
}
Event: 6.886 GC heap after
{Heap after GC invocations=10 (full 0):
 garbage-first heap   total 81920K, used 27965K [0x0000000082a00000, 0x0000000100000000)
  region size 1024K, 6 young (6144K), 6 survivors (6144K)
 Metaspace       used 59482K, committed 60224K, reserved 1114112K
  class space    used 8050K, committed 8384K, reserved 1048576K
}
Event: 7.101 GC heap before
{Heap before GC invocations=10 (full 0):
 garbage-first heap   total 81920K, used 35133K [0x0000000082a00000, 0x0000000100000000)
  region size 1024K, 14 young (14336K), 6 survivors (6144K)
 Metaspace       used 60311K, committed 60928K, reserved 1114112K
  class space    used 8160K, committed 8448K, reserved 1048576K
}
Event: 7.108 GC heap after
{Heap after GC invocations=11 (full 0):
 garbage-first heap   total 81920K, used 29092K [0x0000000082a00000, 0x0000000100000000)
  region size 1024K, 1 young (1024K), 1 survivors (1024K)
 Metaspace       used 60311K, committed 60928K, reserved 1114112K
  class space    used 8160K, committed 8448K, reserved 1048576K
}
Event: 7.983 GC heap before
{Heap before GC invocations=12 (full 0):
 garbage-first heap   total 81920K, used 71076K [0x0000000082a00000, 0x0000000100000000)
  region size 1024K, 42 young (43008K), 1 survivors (1024K)
 Metaspace       used 65866K, committed 66560K, reserved 1114112K
  class space    used 8909K, committed 9216K, reserved 1048576K
}
Event: 7.994 GC heap after
{Heap after GC invocations=13 (full 0):
 garbage-first heap   total 81920K, used 33115K [0x0000000082a00000, 0x0000000100000000)
  region size 1024K, 5 young (5120K), 5 survivors (5120K)
 Metaspace       used 65866K, committed 66560K, reserved 1114112K
  class space    used 8909K, committed 9216K, reserved 1048576K
}
Event: 158.419 GC heap before
{Heap before GC invocations=13 (full 0):
 garbage-first heap   total 81920K, used 71003K [0x0000000082a00000, 0x0000000100000000)
  region size 1024K, 42 young (43008K), 5 survivors (5120K)
 Metaspace       used 73146K, committed 73856K, reserved 1114112K
  class space    used 9859K, committed 10176K, reserved 1048576K
}
Event: 158.453 GC heap after
{Heap after GC invocations=14 (full 0):
 garbage-first heap   total 81920K, used 35996K [0x0000000082a00000, 0x0000000100000000)
  region size 1024K, 4 young (4096K), 4 survivors (4096K)
 Metaspace       used 73146K, committed 73856K, reserved 1114112K
  class space    used 9859K, committed 10176K, reserved 1048576K
}

