# JRE version: Java(TM) SE Runtime Environment (20.0+36) (build 20+36-2344)
# Java VM: Java HotSpot(TM) 64-Bit Server VM (20+36-2344, mixed mode, sharing, tiered, compressed oops, compressed class ptrs, g1 gc, windows-amd64)
GC Precious Log:
 CardTable entry size: 512
 Card Set container configuration: InlinePtr #cards 5 size 8 Array Of Cards #cards 12 size 40 Howl #buckets 4 coarsen threshold 1843 Howl Bitmap #cards 512 size 80 coarsen threshold 460 Card regions per heap region 1 cards per card region 2048
 CPUs: 8 total, 8 available
 Memory: 8023M
 Large Page Support: Disabled
 NUMA Support: Disabled
 Compressed Oops: Enabled (32-bit)
 Heap Region Size: 1M
 Heap Min Capacity: 8M
 Heap Initial Capacity: 126M
 Heap Max Capacity: 2006M
 Pre-touch: Disabled
 Parallel Workers: 8
 Concurrent Workers: 2
 Concurrent Refinement Workers: 8
 Periodic GC: Disabled
Heap:
 garbage-first heap   total 88064K, used 68182K [0x0000000082a00000, 0x0000000100000000)
  region size 1024K, 43 young (44032K), 7 survivors (7168K)
 Metaspace       used 73149K, committed 73920K, reserved 1114112K
  class space    used 9847K, committed 10176K, reserved 1048576K
GC Heap History (20 events):
Event: 0.702 GC heap before
{Heap before GC invocations=0 (full 0):
 garbage-first heap   total 129024K, used 25600K [0x0000000082a00000, 0x0000000100000000)
  region size 1024K, 23 young (23552K), 0 survivors (0K)
 Metaspace       used 5788K, committed 6016K, reserved 1114112K
  class space    used 649K, committed 768K, reserved 1048576K
}
Event: 0.708 GC heap after
{Heap after GC invocations=1 (full 0):
 garbage-first heap   total 129024K, used 9259K [0x0000000082a00000, 0x0000000100000000)
  region size 1024K, 3 young (3072K), 3 survivors (3072K)
 Metaspace       used 5788K, committed 6016K, reserved 1114112K
  class space    used 649K, committed 768K, reserved 1048576K
}
Event: 1.206 GC heap before
{Heap before GC invocations=1 (full 0):
 garbage-first heap   total 129024K, used 34859K [0x0000000082a00000, 0x0000000100000000)
  region size 1024K, 29 young (29696K), 3 survivors (3072K)
 Metaspace       used 12613K, committed 12928K, reserved 1114112K
  class space    used 1471K, committed 1600K, reserved 1048576K
}
Event: 1.212 GC heap after
{Heap after GC invocations=2 (full 0):
 garbage-first heap   total 129024K, used 12238K [0x0000000082a00000, 0x0000000100000000)
  region size 1024K, 3 young (3072K), 3 survivors (3072K)
 Metaspace       used 12613K, committed 12928K, reserved 1114112K
  class space    used 1471K, committed 1600K, reserved 1048576K
}
Event: 1.983 GC heap before
{Heap before GC invocations=2 (full 0):
 garbage-first heap   total 129024K, used 62414K [0x0000000082a00000, 0x0000000100000000)
  region size 1024K, 53 young (54272K), 3 survivors (3072K)
 Metaspace       used 21281K, committed 21504K, reserved 1114112K
  class space    used 2514K, committed 2624K, reserved 1048576K
}
Event: 1.993 GC heap after
{Heap after GC invocations=3 (full 0):
 garbage-first heap   total 129024K, used 16076K [0x0000000082a00000, 0x0000000100000000)
  region size 1024K, 7 young (7168K), 7 survivors (7168K)
 Metaspace       used 21281K, committed 21504K, reserved 1114112K
  class space    used 2514K, committed 2624K, reserved 1048576K
}
Event: 3.330 GC heap before
{Heap before GC invocations=4 (full 0):
 garbage-first heap   total 61440K, used 60108K [0x0000000082a00000, 0x0000000100000000)
  region size 1024K, 50 young (51200K), 7 survivors (7168K)
 Metaspace       used 29085K, committed 29632K, reserved 1114112K
  class space    used 3722K, committed 3968K, reserved 1048576K
}
Event: 3.349 GC heap after
{Heap after GC invocations=5 (full 0):
 garbage-first heap   total 72704K, used 20014K [0x0000000082a00000, 0x0000000100000000)
  region size 1024K, 8 young (8192K), 8 survivors (8192K)
 Metaspace       used 29085K, committed 29632K, reserved 1114112K
  class space    used 3722K, committed 3968K, reserved 1048576K
}
Event: 3.907 GC heap before
{Heap before GC invocations=5 (full 0):
 garbage-first heap   total 72704K, used 49710K [0x0000000082a00000, 0x0000000100000000)
  region size 1024K, 37 young (37888K), 8 survivors (8192K)
 Metaspace       used 35384K, committed 35968K, reserved 1114112K
  class space    used 4578K, committed 4864K, reserved 1048576K
}
Event: 3.914 GC heap after
{Heap after GC invocations=6 (full 0):
 garbage-first heap   total 72704K, used 22178K [0x0000000082a00000, 0x0000000100000000)
  region size 1024K, 3 young (3072K), 3 survivors (3072K)
 Metaspace       used 35384K, committed 35968K, reserved 1114112K
  class space    used 4578K, committed 4864K, reserved 1048576K
}
Event: 3.950 GC heap before
{Heap before GC invocations=6 (full 0):
 garbage-first heap   total 72704K, used 23202K [0x0000000082a00000, 0x0000000100000000)
  region size 1024K, 5 young (5120K), 3 survivors (3072K)
 Metaspace       used 35777K, committed 36288K, reserved 1114112K
  class space    used 4633K, committed 4864K, reserved 1048576K
}
Event: 3.953 GC heap after
{Heap after GC invocations=7 (full 0):
 garbage-first heap   total 72704K, used 21728K [0x0000000082a00000, 0x0000000100000000)
  region size 1024K, 3 young (3072K), 3 survivors (3072K)
 Metaspace       used 35777K, committed 36288K, reserved 1114112K
  class space    used 4633K, committed 4864K, reserved 1048576K
}
Event: 4.975 GC heap before
{Heap before GC invocations=8 (full 0):
 garbage-first heap   total 72704K, used 58592K [0x0000000082a00000, 0x0000000100000000)
  region size 1024K, 39 young (39936K), 3 survivors (3072K)
 Metaspace       used 45836K, committed 46464K, reserved 1114112K
  class space    used 6037K, committed 6336K, reserved 1048576K
}
Event: 4.979 GC heap after
{Heap after GC invocations=9 (full 0):
 garbage-first heap   total 88064K, used 23935K [0x0000000082a00000, 0x0000000100000000)
  region size 1024K, 5 young (5120K), 5 survivors (5120K)
 Metaspace       used 45836K, committed 46464K, reserved 1114112K
  class space    used 6037K, committed 6336K, reserved 1048576K
}
Event: 6.056 GC heap before
{Heap before GC invocations=9 (full 0):
 garbage-first heap   total 88064K, used 70015K [0x0000000082a00000, 0x0000000100000000)
  region size 1024K, 51 young (52224K), 5 survivors (5120K)
 Metaspace       used 58924K, committed 59520K, reserved 1114112K
  class space    used 7962K, committed 8256K, reserved 1048576K
}
Event: 6.063 GC heap after
{Heap after GC invocations=10 (full 0):
 garbage-first heap   total 88064K, used 27215K [0x0000000082a00000, 0x0000000100000000)
  region size 1024K, 6 young (6144K), 6 survivors (6144K)
 Metaspace       used 58924K, committed 59520K, reserved 1114112K
  class space    used 7962K, committed 8256K, reserved 1048576K
}
Event: 6.443 GC heap before
{Heap before GC invocations=10 (full 0):
 garbage-first heap   total 88064K, used 39503K [0x0000000082a00000, 0x0000000100000000)
  region size 1024K, 19 young (19456K), 6 survivors (6144K)
 Metaspace       used 60342K, committed 60928K, reserved 1114112K
  class space    used 8169K, committed 8448K, reserved 1048576K
}
Event: 6.449 GC heap after
{Heap after GC invocations=11 (full 0):
 garbage-first heap   total 88064K, used 28746K [0x0000000082a00000, 0x0000000100000000)
  region size 1024K, 5 young (5120K), 5 survivors (5120K)
 Metaspace       used 60342K, committed 60928K, reserved 1114112K
  class space    used 8169K, committed 8448K, reserved 1048576K
}
Event: 7.261 GC heap before
{Heap before GC invocations=12 (full 0):
 garbage-first heap   total 88064K, used 74826K [0x0000000082a00000, 0x0000000100000000)
  region size 1024K, 50 young (51200K), 5 survivors (5120K)
 Metaspace       used 66776K, committed 67520K, reserved 1114112K
  class space    used 9063K, committed 9408K, reserved 1048576K
}
Event: 7.270 GC heap after
{Heap after GC invocations=13 (full 0):
 garbage-first heap   total 88064K, used 33366K [0x0000000082a00000, 0x0000000100000000)
  region size 1024K, 7 young (7168K), 7 survivors (7168K)
 Metaspace       used 66776K, committed 67520K, reserved 1114112K
  class space    used 9063K, committed 9408K, reserved 1048576K
}

