# JRE version: Java(TM) SE Runtime Environment (20.0+36) (build 20+36-2344)
# Java VM: Java HotSpot(TM) 64-Bit Server VM (20+36-2344, mixed mode, sharing, tiered, compressed oops, compressed class ptrs, g1 gc, windows-amd64)
GC Precious Log:
 CardTable entry size: 512
 Card Set container configuration: InlinePtr #cards 5 size 8 Array Of Cards #cards 12 size 40 Howl #buckets 4 coarsen threshold 1843 Howl Bitmap #cards 512 size 80 coarsen threshold 460 Card regions per heap region 1 cards per card region 2048
 CPUs: 8 total, 8 available
 Memory: 8023M
 Large Page Support: Disabled
 NUMA Support: Disabled
 Compressed Oops: Enabled (32-bit)
 Heap Region Size: 1M
 Heap Min Capacity: 8M
 Heap Initial Capacity: 126M
 Heap Max Capacity: 2006M
 Pre-touch: Disabled
 Parallel Workers: 8
 Concurrent Workers: 2
 Concurrent Refinement Workers: 8
 Periodic GC: Disabled
Heap:
 garbage-first heap   total 83968K, used 48284K [0x0000000082a00000, 0x0000000100000000)
  region size 1024K, 15 young (15360K), 3 survivors (3072K)
 Metaspace       used 75103K, committed 75904K, reserved 1179648K
  class space    used 10095K, committed 10432K, reserved 1048576K
GC Heap History (20 events):
Event: 1.097 GC heap before
{Heap before GC invocations=1 (full 0):
 garbage-first heap   total 129024K, used 36061K [0x0000000082a00000, 0x0000000100000000)
  region size 1024K, 29 young (29696K), 3 survivors (3072K)
 Metaspace       used 12609K, committed 12928K, reserved 1114112K
  class space    used 1473K, committed 1600K, reserved 1048576K
}
Event: 1.104 GC heap after
{Heap after GC invocations=2 (full 0):
 garbage-first heap   total 129024K, used 11821K [0x0000000082a00000, 0x0000000100000000)
  region size 1024K, 3 young (3072K), 3 survivors (3072K)
 Metaspace       used 12609K, committed 12928K, reserved 1114112K
  class space    used 1473K, committed 1600K, reserved 1048576K
}
Event: 1.865 GC heap before
{Heap before GC invocations=2 (full 0):
 garbage-first heap   total 129024K, used 61997K [0x0000000082a00000, 0x0000000100000000)
  region size 1024K, 54 young (55296K), 3 survivors (3072K)
 Metaspace       used 21275K, committed 21504K, reserved 1114112K
  class space    used 2516K, committed 2624K, reserved 1048576K
}
Event: 1.875 GC heap after
{Heap after GC invocations=3 (full 0):
 garbage-first heap   total 129024K, used 16198K [0x0000000082a00000, 0x0000000100000000)
  region size 1024K, 7 young (7168K), 7 survivors (7168K)
 Metaspace       used 21275K, committed 21504K, reserved 1114112K
  class space    used 2516K, committed 2624K, reserved 1048576K
}
Event: 2.833 GC heap before
{Heap before GC invocations=4 (full 0):
 garbage-first heap   total 58368K, used 58182K [0x0000000082a00000, 0x0000000100000000)
  region size 1024K, 48 young (49152K), 7 survivors (7168K)
 Metaspace       used 28602K, committed 29056K, reserved 1114112K
  class space    used 3681K, committed 3904K, reserved 1048576K
}
Event: 2.847 GC heap after
{Heap after GC invocations=5 (full 0):
 garbage-first heap   total 69632K, used 19753K [0x0000000082a00000, 0x0000000100000000)
  region size 1024K, 8 young (8192K), 8 survivors (8192K)
 Metaspace       used 28602K, committed 29056K, reserved 1114112K
  class space    used 3681K, committed 3904K, reserved 1048576K
}
Event: 3.401 GC heap before
{Heap before GC invocations=5 (full 0):
 garbage-first heap   total 69632K, used 51497K [0x0000000082a00000, 0x0000000100000000)
  region size 1024K, 39 young (39936K), 8 survivors (8192K)
 Metaspace       used 35596K, committed 36096K, reserved 1114112K
  class space    used 4610K, committed 4864K, reserved 1048576K
}
Event: 3.413 GC heap after
{Heap after GC invocations=6 (full 0):
 garbage-first heap   total 69632K, used 22072K [0x0000000082a00000, 0x0000000100000000)
  region size 1024K, 3 young (3072K), 3 survivors (3072K)
 Metaspace       used 35596K, committed 36096K, reserved 1114112K
  class space    used 4610K, committed 4864K, reserved 1048576K
}
Event: 4.211 GC heap before
{Heap before GC invocations=7 (full 0):
 garbage-first heap   total 69632K, used 54840K [0x0000000082a00000, 0x0000000100000000)
  region size 1024K, 35 young (35840K), 3 survivors (3072K)
 Metaspace       used 44983K, committed 45568K, reserved 1114112K
  class space    used 5930K, committed 6208K, reserved 1048576K
}
Event: 4.215 GC heap after
{Heap after GC invocations=8 (full 0):
 garbage-first heap   total 69632K, used 23920K [0x0000000082a00000, 0x0000000100000000)
  region size 1024K, 5 young (5120K), 5 survivors (5120K)
 Metaspace       used 44983K, committed 45568K, reserved 1114112K
  class space    used 5930K, committed 6208K, reserved 1048576K
}
Event: 4.858 GC heap before
{Heap before GC invocations=8 (full 0):
 garbage-first heap   total 69632K, used 55664K [0x0000000082a00000, 0x0000000100000000)
  region size 1024K, 37 young (37888K), 5 survivors (5120K)
 Metaspace       used 54777K, committed 55424K, reserved 1114112K
  class space    used 7427K, committed 7744K, reserved 1048576K
}
Event: 4.862 GC heap after
{Heap after GC invocations=9 (full 0):
 garbage-first heap   total 69632K, used 25795K [0x0000000082a00000, 0x0000000100000000)
  region size 1024K, 4 young (4096K), 4 survivors (4096K)
 Metaspace       used 54777K, committed 55424K, reserved 1114112K
  class space    used 7427K, committed 7744K, reserved 1048576K
}
Event: 5.391 GC heap before
{Heap before GC invocations=9 (full 0):
 garbage-first heap   total 69632K, used 52419K [0x0000000082a00000, 0x0000000100000000)
  region size 1024K, 31 young (31744K), 4 survivors (4096K)
 Metaspace       used 59597K, committed 60288K, reserved 1114112K
  class space    used 8062K, committed 8384K, reserved 1048576K
}
Event: 5.399 GC heap after
{Heap after GC invocations=10 (full 0):
 garbage-first heap   total 69632K, used 28705K [0x0000000082a00000, 0x0000000100000000)
  region size 1024K, 5 young (5120K), 5 survivors (5120K)
 Metaspace       used 59597K, committed 60288K, reserved 1114112K
  class space    used 8062K, committed 8384K, reserved 1048576K
}
Event: 5.906 GC heap before
{Heap before GC invocations=11 (full 0):
 garbage-first heap   total 69632K, used 59425K [0x0000000082a00000, 0x0000000100000000)
  region size 1024K, 35 young (35840K), 5 survivors (5120K)
 Metaspace       used 63187K, committed 63936K, reserved 1114112K
  class space    used 8598K, committed 8896K, reserved 1048576K
}
Event: 5.912 GC heap after
{Heap after GC invocations=12 (full 0):
 garbage-first heap   total 69632K, used 31827K [0x0000000082a00000, 0x0000000100000000)
  region size 1024K, 4 young (4096K), 4 survivors (4096K)
 Metaspace       used 63187K, committed 63936K, reserved 1114112K
  class space    used 8598K, committed 8896K, reserved 1048576K
}
Event: 6.472 GC heap before
{Heap before GC invocations=12 (full 0):
 garbage-first heap   total 69632K, used 59475K [0x0000000082a00000, 0x0000000100000000)
  region size 1024K, 31 young (31744K), 4 survivors (4096K)
 Metaspace       used 68403K, committed 69120K, reserved 1114112K
  class space    used 9279K, committed 9600K, reserved 1048576K
}
Event: 6.479 GC heap after
{Heap after GC invocations=13 (full 0):
 garbage-first heap   total 69632K, used 34781K [0x0000000082a00000, 0x0000000100000000)
  region size 1024K, 4 young (4096K), 4 survivors (4096K)
 Metaspace       used 68403K, committed 69120K, reserved 1114112K
  class space    used 9279K, committed 9600K, reserved 1048576K
}
Event: 53.472 GC heap before
{Heap before GC invocations=13 (full 0):
 garbage-first heap   total 69632K, used 58333K [0x0000000082a00000, 0x0000000100000000)
  region size 1024K, 28 young (28672K), 4 survivors (4096K)
 Metaspace       used 74515K, committed 75264K, reserved 1114112K
  class space    used 10088K, committed 10432K, reserved 1048576K
}
Event: 53.478 GC heap after
{Heap after GC invocations=14 (full 0):
 garbage-first heap   total 83968K, used 37020K [0x0000000082a00000, 0x0000000100000000)
  region size 1024K, 3 young (3072K), 3 survivors (3072K)
 Metaspace       used 74515K, committed 75264K, reserved 1114112K
  class space    used 10088K, committed 10432K, reserved 1048576K
}

