# JRE version: Java(TM) SE Runtime Environment (20.0+36) (build 20+36-2344)
# Java VM: Java HotSpot(TM) 64-Bit Server VM (20+36-2344, mixed mode, sharing, tiered, compressed oops, compressed class ptrs, g1 gc, windows-amd64)
GC Precious Log:
 CardTable entry size: 512
 Card Set container configuration: InlinePtr #cards 5 size 8 Array Of Cards #cards 12 size 40 Howl #buckets 4 coarsen threshold 1843 Howl Bitmap #cards 512 size 80 coarsen threshold 460 Card regions per heap region 1 cards per card region 2048
 CPUs: 8 total, 8 available
 Memory: 8023M
 Large Page Support: Disabled
 NUMA Support: Disabled
 Compressed Oops: Enabled (32-bit)
 Heap Region Size: 1M
 Heap Min Capacity: 8M
 Heap Initial Capacity: 126M
 Heap Max Capacity: 2006M
 Pre-touch: Disabled
 Parallel Workers: 8
 Concurrent Workers: 2
 Concurrent Refinement Workers: 8
 Periodic GC: Disabled
Heap:
 garbage-first heap   total 66560K, used 49770K [0x0000000082a00000, 0x0000000100000000)
  region size 1024K, 22 young (22528K), 3 survivors (3072K)
 Metaspace       used 53356K, committed 54144K, reserved 1114112K
  class space    used 7017K, committed 7360K, reserved 1048576K
GC Heap History (20 events):
Event: 0.791 GC heap before
{Heap before GC invocations=0 (full 0):
 garbage-first heap   total 129024K, used 24576K [0x0000000082a00000, 0x0000000100000000)
  region size 1024K, 23 young (23552K), 0 survivors (0K)
 Metaspace       used 5841K, committed 6080K, reserved 1114112K
  class space    used 655K, committed 768K, reserved 1048576K
}
Event: 0.796 GC heap after
{Heap after GC invocations=1 (full 0):
 garbage-first heap   total 129024K, used 8029K [0x0000000082a00000, 0x0000000100000000)
  region size 1024K, 3 young (3072K), 3 survivors (3072K)
 Metaspace       used 5841K, committed 6080K, reserved 1114112K
  class space    used 655K, committed 768K, reserved 1048576K
}
Event: 1.235 GC heap before
{Heap before GC invocations=1 (full 0):
 garbage-first heap   total 129024K, used 34653K [0x0000000082a00000, 0x0000000100000000)
  region size 1024K, 30 young (30720K), 3 survivors (3072K)
 Metaspace       used 12732K, committed 13056K, reserved 1114112K
  class space    used 1481K, committed 1600K, reserved 1048576K
}
Event: 1.242 GC heap after
{Heap after GC invocations=2 (full 0):
 garbage-first heap   total 129024K, used 11085K [0x0000000082a00000, 0x0000000100000000)
  region size 1024K, 3 young (3072K), 3 survivors (3072K)
 Metaspace       used 12732K, committed 13056K, reserved 1114112K
  class space    used 1481K, committed 1600K, reserved 1048576K
}
Event: 1.944 GC heap before
{Heap before GC invocations=2 (full 0):
 garbage-first heap   total 129024K, used 63309K [0x0000000082a00000, 0x0000000100000000)
  region size 1024K, 56 young (57344K), 3 survivors (3072K)
 Metaspace       used 21224K, committed 21504K, reserved 1114112K
  class space    used 2493K, committed 2624K, reserved 1048576K
}
Event: 1.951 GC heap after
{Heap after GC invocations=3 (full 0):
 garbage-first heap   total 129024K, used 14943K [0x0000000082a00000, 0x0000000100000000)
  region size 1024K, 7 young (7168K), 7 survivors (7168K)
 Metaspace       used 21224K, committed 21504K, reserved 1114112K
  class space    used 2493K, committed 2624K, reserved 1048576K
}
Event: 2.582 GC heap before
{Heap before GC invocations=4 (full 0):
 garbage-first heap   total 55296K, used 40543K [0x0000000082a00000, 0x0000000100000000)
  region size 1024K, 32 young (32768K), 7 survivors (7168K)
 Metaspace       used 25044K, committed 25536K, reserved 1114112K
  class space    used 3028K, committed 3264K, reserved 1048576K
}
Event: 2.593 GC heap after
{Heap after GC invocations=5 (full 0):
 garbage-first heap   total 55296K, used 17998K [0x0000000082a00000, 0x0000000100000000)
  region size 1024K, 3 young (3072K), 3 survivors (3072K)
 Metaspace       used 25044K, committed 25536K, reserved 1114112K
  class space    used 3028K, committed 3264K, reserved 1048576K
}
Event: 3.155 GC heap before
{Heap before GC invocations=5 (full 0):
 garbage-first heap   total 55296K, used 43598K [0x0000000082a00000, 0x0000000100000000)
  region size 1024K, 27 young (27648K), 3 survivors (3072K)
 Metaspace       used 29992K, committed 30592K, reserved 1114112K
  class space    used 3692K, committed 3968K, reserved 1048576K
}
Event: 3.166 GC heap after
{Heap after GC invocations=6 (full 0):
 garbage-first heap   total 55296K, used 19721K [0x0000000082a00000, 0x0000000100000000)
  region size 1024K, 3 young (3072K), 3 survivors (3072K)
 Metaspace       used 29992K, committed 30592K, reserved 1114112K
  class space    used 3692K, committed 3968K, reserved 1048576K
}
Event: 3.351 GC heap before
{Heap before GC invocations=6 (full 0):
 garbage-first heap   total 55296K, used 43273K [0x0000000082a00000, 0x0000000100000000)
  region size 1024K, 26 young (26624K), 3 survivors (3072K)
 Metaspace       used 31090K, committed 31616K, reserved 1114112K
  class space    used 3844K, committed 4096K, reserved 1048576K
}
Event: 3.356 GC heap after
{Heap after GC invocations=7 (full 0):
 garbage-first heap   total 55296K, used 21003K [0x0000000082a00000, 0x0000000100000000)
  region size 1024K, 2 young (2048K), 2 survivors (2048K)
 Metaspace       used 31090K, committed 31616K, reserved 1114112K
  class space    used 3844K, committed 4096K, reserved 1048576K
}
Event: 3.668 GC heap before
{Heap before GC invocations=7 (full 0):
 garbage-first heap   total 55296K, used 40459K [0x0000000082a00000, 0x0000000100000000)
  region size 1024K, 22 young (22528K), 2 survivors (2048K)
 Metaspace       used 35586K, committed 36096K, reserved 1114112K
  class space    used 4516K, committed 4736K, reserved 1048576K
}
Event: 3.673 GC heap after
{Heap after GC invocations=8 (full 0):
 garbage-first heap   total 66560K, used 22173K [0x0000000082a00000, 0x0000000100000000)
  region size 1024K, 3 young (3072K), 3 survivors (3072K)
 Metaspace       used 35586K, committed 36096K, reserved 1114112K
  class space    used 4516K, committed 4736K, reserved 1048576K
}
Event: 4.071 GC heap before
{Heap before GC invocations=9 (full 0):
 garbage-first heap   total 66560K, used 53917K [0x0000000082a00000, 0x0000000100000000)
  region size 1024K, 35 young (35840K), 3 survivors (3072K)
 Metaspace       used 39566K, committed 40192K, reserved 1114112K
  class space    used 5038K, committed 5312K, reserved 1048576K
}
Event: 4.081 GC heap after
{Heap after GC invocations=10 (full 0):
 garbage-first heap   total 66560K, used 27416K [0x0000000082a00000, 0x0000000100000000)
  region size 1024K, 5 young (5120K), 5 survivors (5120K)
 Metaspace       used 39566K, committed 40192K, reserved 1114112K
  class space    used 5038K, committed 5312K, reserved 1048576K
}
Event: 4.618 GC heap before
{Heap before GC invocations=10 (full 0):
 garbage-first heap   total 66560K, used 55064K [0x0000000082a00000, 0x0000000100000000)
  region size 1024K, 32 young (32768K), 5 survivors (5120K)
 Metaspace       used 43750K, committed 44352K, reserved 1114112K
  class space    used 5726K, committed 6016K, reserved 1048576K
}
Event: 4.624 GC heap after
{Heap after GC invocations=11 (full 0):
 garbage-first heap   total 66560K, used 30064K [0x0000000082a00000, 0x0000000100000000)
  region size 1024K, 3 young (3072K), 3 survivors (3072K)
 Metaspace       used 43750K, committed 44352K, reserved 1114112K
  class space    used 5726K, committed 6016K, reserved 1048576K
}
Event: 5.130 GC heap before
{Heap before GC invocations=11 (full 0):
 garbage-first heap   total 66560K, used 55664K [0x0000000082a00000, 0x0000000100000000)
  region size 1024K, 28 young (28672K), 3 survivors (3072K)
 Metaspace       used 48192K, committed 48960K, reserved 1114112K
  class space    used 6376K, committed 6720K, reserved 1048576K
}
Event: 5.133 GC heap after
{Heap after GC invocations=12 (full 0):
 garbage-first heap   total 66560K, used 32362K [0x0000000082a00000, 0x0000000100000000)
  region size 1024K, 3 young (3072K), 3 survivors (3072K)
 Metaspace       used 48192K, committed 48960K, reserved 1114112K
  class space    used 6376K, committed 6720K, reserved 1048576K
}

