# JRE version: Java(TM) SE Runtime Environment (20.0+36) (build 20+36-2344)
# Java VM: Java HotSpot(TM) 64-Bit Server VM (20+36-2344, mixed mode, sharing, tiered, compressed oops, compressed class ptrs, g1 gc, windows-amd64)
GC Precious Log:
 CardTable entry size: 512
 Card Set container configuration: InlinePtr #cards 5 size 8 Array Of Cards #cards 12 size 40 Howl #buckets 4 coarsen threshold 1843 Howl Bitmap #cards 512 size 80 coarsen threshold 460 Card regions per heap region 1 cards per card region 2048
 CPUs: 8 total, 8 available
 Memory: 8023M
 Large Page Support: Disabled
 NUMA Support: Disabled
 Compressed Oops: Enabled (32-bit)
 Heap Region Size: 1M
 Heap Min Capacity: 8M
 Heap Initial Capacity: 126M
 Heap Max Capacity: 2006M
 Pre-touch: Disabled
 Parallel Workers: 8
 Concurrent Workers: 2
 Concurrent Refinement Workers: 8
 Periodic GC: Disabled
Heap:
 garbage-first heap   total 72704K, used 26384K [0x0000000082a00000, 0x0000000100000000)
  region size 1024K, 6 young (6144K), 5 survivors (5120K)
 Metaspace       used 56763K, committed 57408K, reserved 1114112K
  class space    used 7639K, committed 7936K, reserved 1048576K
GC Heap History (14 events):
Event: 0.826 GC heap before
{Heap before GC invocations=0 (full 0):
 garbage-first heap   total 129024K, used 26624K [0x0000000082a00000, 0x0000000100000000)
  region size 1024K, 23 young (23552K), 0 survivors (0K)
 Metaspace       used 5849K, committed 6080K, reserved 1114112K
  class space    used 661K, committed 768K, reserved 1048576K
}
Event: 0.831 GC heap after
{Heap after GC invocations=1 (full 0):
 garbage-first heap   total 129024K, used 9301K [0x0000000082a00000, 0x0000000100000000)
  region size 1024K, 3 young (3072K), 3 survivors (3072K)
 Metaspace       used 5849K, committed 6080K, reserved 1114112K
  class space    used 661K, committed 768K, reserved 1048576K
}
Event: 1.785 GC heap before
{Heap before GC invocations=1 (full 0):
 garbage-first heap   total 129024K, used 35925K [0x0000000082a00000, 0x0000000100000000)
  region size 1024K, 30 young (30720K), 3 survivors (3072K)
 Metaspace       used 12991K, committed 13312K, reserved 1114112K
  class space    used 1506K, committed 1664K, reserved 1048576K
}
Event: 1.794 GC heap after
{Heap after GC invocations=2 (full 0):
 garbage-first heap   total 129024K, used 12238K [0x0000000082a00000, 0x0000000100000000)
  region size 1024K, 3 young (3072K), 3 survivors (3072K)
 Metaspace       used 12991K, committed 13312K, reserved 1114112K
  class space    used 1506K, committed 1664K, reserved 1048576K
}
Event: 2.998 GC heap before
{Heap before GC invocations=2 (full 0):
 garbage-first heap   total 129024K, used 60366K [0x0000000082a00000, 0x0000000100000000)
  region size 1024K, 52 young (53248K), 3 survivors (3072K)
 Metaspace       used 21235K, committed 21504K, reserved 1114112K
  class space    used 2514K, committed 2624K, reserved 1048576K
}
Event: 3.006 GC heap after
{Heap after GC invocations=3 (full 0):
 garbage-first heap   total 129024K, used 16462K [0x0000000082a00000, 0x0000000100000000)
  region size 1024K, 7 young (7168K), 7 survivors (7168K)
 Metaspace       used 21235K, committed 21504K, reserved 1114112K
  class space    used 2514K, committed 2624K, reserved 1048576K
}
Event: 4.522 GC heap before
{Heap before GC invocations=4 (full 0):
 garbage-first heap   total 61440K, used 60494K [0x0000000082a00000, 0x0000000100000000)
  region size 1024K, 50 young (51200K), 7 survivors (7168K)
 Metaspace       used 29694K, committed 30208K, reserved 1114112K
  class space    used 3778K, committed 3968K, reserved 1048576K
}
Event: 4.547 GC heap after
{Heap after GC invocations=5 (full 0):
 garbage-first heap   total 72704K, used 20141K [0x0000000082a00000, 0x0000000100000000)
  region size 1024K, 8 young (8192K), 8 survivors (8192K)
 Metaspace       used 29694K, committed 30208K, reserved 1114112K
  class space    used 3778K, committed 3968K, reserved 1048576K
}
Event: 5.273 GC heap before
{Heap before GC invocations=5 (full 0):
 garbage-first heap   total 72704K, used 47789K [0x0000000082a00000, 0x0000000100000000)
  region size 1024K, 35 young (35840K), 8 survivors (8192K)
 Metaspace       used 35412K, committed 35968K, reserved 1114112K
  class space    used 4596K, committed 4864K, reserved 1048576K
}
Event: 5.281 GC heap after
{Heap after GC invocations=6 (full 0):
 garbage-first heap   total 72704K, used 22177K [0x0000000082a00000, 0x0000000100000000)
  region size 1024K, 3 young (3072K), 3 survivors (3072K)
 Metaspace       used 35412K, committed 35968K, reserved 1114112K
  class space    used 4596K, committed 4864K, reserved 1048576K
}
Event: 5.305 GC heap before
{Heap before GC invocations=6 (full 0):
 garbage-first heap   total 72704K, used 23201K [0x0000000082a00000, 0x0000000100000000)
  region size 1024K, 5 young (5120K), 3 survivors (3072K)
 Metaspace       used 35781K, committed 36288K, reserved 1114112K
  class space    used 4647K, committed 4864K, reserved 1048576K
}
Event: 5.308 GC heap after
{Heap after GC invocations=7 (full 0):
 garbage-first heap   total 72704K, used 21767K [0x0000000082a00000, 0x0000000100000000)
  region size 1024K, 2 young (2048K), 2 survivors (2048K)
 Metaspace       used 35781K, committed 36288K, reserved 1114112K
  class space    used 4647K, committed 4864K, reserved 1048576K
}
Event: 6.578 GC heap before
{Heap before GC invocations=8 (full 0):
 garbage-first heap   total 72704K, used 59655K [0x0000000082a00000, 0x0000000100000000)
  region size 1024K, 39 young (39936K), 2 survivors (2048K)
 Metaspace       used 46130K, committed 46720K, reserved 1114112K
  class space    used 6066K, committed 6336K, reserved 1048576K
}
Event: 6.582 GC heap after
{Heap after GC invocations=9 (full 0):
 garbage-first heap   total 72704K, used 24047K [0x0000000082a00000, 0x0000000100000000)
  region size 1024K, 4 young (4096K), 4 survivors (4096K)
 Metaspace       used 46130K, committed 46720K, reserved 1114112K
  class space    used 6066K, committed 6336K, reserved 1048576K
}

